FANMOD 1.1 subgraph enumeration
-------------------------------

Network name: C:\Users\LuisFernando\Desktop\Redes\e_coli.txt
Network type: Directed
Number of nodes: 100
Number of edges: 212
Number of single edges: 212
Number of mutual edges: 0

Algorithm: enumeration
Subgraph size: 4

Generated 1000 random networks
   with locally constant number of bidirectional edges,
   3 exchanges per edge and 3 tries per edge.

2531 subgraphs were enumerated in the original network.
4927521 subgraphs were enumerated in the random networks.
4930052 subgraphs were enumerated in all networks.

For the random networks: 732401 tries were made, 634558 were successful.
Randomization took 0.348 seconds.
Enumeration took 3.068 seconds.


Result overview:

   ID  Adj   Frequency     Mean-Freq  Standard-Dev    Z-Score  p-Value
            [Original]      [Random]      [Random]

  140 0000     17.226%       24.782%     0.0087932    -8.5921        1
      0000
      1000
      1100

   74 0000     14.224%       18.572%     0.0082799    -5.2513        1
      0000
      0100
      1010

  536 0000     11.221%       11.649%     0.0066105   -0.64742    0.729
      0010
      0001
      1000

  392 0000     11.023%       15.666%     0.0069772    -6.6544        1
      0001
      1000
      1000

  202 0000     6.2821%      0.58573%     0.0019635     29.011        0
      0000
      1100
      1010

 2188 0000     4.9388%      0.70895%     0.0021249     19.906        0
      1000
      1000
      1100

 2118 0000     4.7412%      0.34149%     0.0013877     31.704        0
      1000
      0100
      0110

  142 0000     4.5041%      0.71554%     0.0020889     18.137        0
      0000
      1000
      1110

   28 0000     4.4646%       8.4761%     0.0026211    -15.305        1
      0000
      0001
      1100

 2076 0000     3.4374%      0.36359%     0.0012973     23.694        0
      1000
      0001
      1100

 2116 0000     3.1608%       6.4256%     0.0023271     -14.03        1
      1000
      0100
      0100

   14 0000     2.5682%       5.3404%     0.0016512    -16.789        1
      0000
      0000
      1110

 2124 0000     2.2126%      0.44959%     0.0016266     10.838        0
      1000
      0100
      1100

 2254 0000     1.5014%   0.00055625%   3.3414e-005     449.16        0
      1000
      1100
      1110

 2184 0000     1.4224%       4.4918%     0.0017159    -17.888        1
      1000
      1000
      1000

 2126 0000     1.3829%     0.012639%    0.00017562     78.022        0
      1000
      0100
      1110

  206 0000     1.1063%     0.012171%    0.00016734     65.382        0
      0000
      1100
      1110

 2140 0000     1.1063%     0.010274%    0.00016034     68.357        0
      1000
      0101
      1100

 2204 0000     1.1063%     0.016562%    0.00021996     49.541        0
      1000
      1001
      1100

 2190 0000     0.7902%    0.0094589%    0.00014426      54.12        0
      1000
      1000
      1110

  652 0000    0.67167%      0.40262%    0.00091608      2.937    0.006
      0010
      1000
      1100

 2252 0000    0.43461%     0.010602%    0.00015784     26.863        0
      1000
      1100
      1100

 2182 0000    0.31608%      0.20276%    0.00068566     1.6527    0.067
      1000
      1000
      0110

  204 0000    0.15804%       0.2096%    0.00069223   -0.74488    0.795
      0000
      1100
      1100

