FANMOD 1.1 subgraph enumeration
-------------------------------

Network name: C:\Users\LuisFernando\Desktop\Redes\foodweb-baywet.txt
Network type: Directed
Number of nodes: 129
Number of edges: 2075
Number of single edges: 2044
Number of mutual edges: 31

Algorithm: enumeration
Subgraph size: 4

Generated 1000 random networks
   with locally constant number of bidirectional edges,
   3 exchanges per edge and 3 tries per edge.

1901008 subgraphs were enumerated in the original network.
1887992585 subgraphs were enumerated in the random networks.
1889893593 subgraphs were enumerated in all networks.

For the random networks: 13403384 tries were made, 4067661 were successful.
Randomization took 6.888 seconds.
Enumeration took 1611.16 seconds.


Result overview:

   ID  Adj   Frequency     Mean-Freq  Standard-Dev    Z-Score  p-Value
            [Original]      [Random]      [Random]

  140 0000     13.864%       18.903%     0.0012752    -39.514        1
      0000
      1000
      1100

 2184 0000     9.9541%       9.8037%     0.0011585     1.2988    0.094
      1000
      1000
      1000

  392 0000     9.8341%       7.0779%     0.0011603     23.754        0
      0001
      1000
      1000

 2188 0000     8.2727%       9.1239%    0.00087918    -9.6814        1
      1000
      1000
      1100

   14 0000     7.0357%       5.8917%    0.00081922     13.965        0
      0000
      0000
      1110

   74 0000     6.9683%       7.3288%      0.001265    -2.8499    0.995
      0000
      0100
      1010

   28 0000     6.0276%       4.2767%    0.00080443     21.766        0
      0000
      0001
      1100

  142 0000     4.1602%        5.756%    0.00063373    -25.181        1
      0000
      1000
      1110

  204 0000     3.8292%       2.0027%    0.00061579     29.661        0
      0000
      1100
      1100

 2116 0000     3.4846%       2.8496%    0.00056587     11.222        0
      1000
      0100
      0100

  536 0000     2.9399%       2.8545%      0.000545     1.5664     0.06
      0010
      0001
      1000

 2182 0000     2.6971%        0.601%    0.00027258     76.898        0
      1000
      1000
      0110

  202 0000      2.457%       3.5839%    0.00058326    -19.321        1
      0000
      1100
      1010

 2124 0000     2.2122%       2.4419%    0.00043752    -5.2481        1
      1000
      0100
      1100

 2190 0000     2.0285%       1.2797%    0.00038093     19.656        0
      1000
      1000
      1110

 2076 0000     2.0217%       1.4187%    0.00031176     19.339        0
      1000
      0001
      1100

 2252 0000     1.7231%       1.3035%    0.00039128     10.724        0
      1000
      1100
      1100

  206 0000     1.5549%       1.2624%    0.00037622      7.776        0
      0000
      1100
      1110

 2118 0000    0.92493%      0.96949%    0.00028555    -1.5606    0.945
      1000
      0100
      0110

18568 0100    0.86338%      0.66786%    0.00035588     5.4942        0
      1000
      1000
      1000

 2204 0000    0.78958%        1.338%    0.00026591    -20.625        1
      1000
      1001
      1100

 2140 0000    0.70489%      0.43835%    0.00019202     13.881        0
      1000
      0101
      1100

 2254 0000    0.65144%      0.69104%    0.00031236    -1.2678    0.907
      1000
      1100
      1110

10372 0010     0.3213%      0.13351%    0.00014609     12.854        0
      1000
      1000
      0100

 6284 0001    0.29069%        0.297%    0.00023915   -0.26374    0.605
      1000
      1000
      1100

  332 0000    0.28153%      0.35415%    0.00026894    -2.6999    0.996
      0001
      0100
      1100

  588 0000    0.24208%      0.40783%    0.00023306    -7.1118        1
      0010
      0100
      1100

   30 0000     0.2414%      0.18298%    0.00021741      2.687    0.002
      0000
      0001
      1110

10380 0010    0.23635%      0.19621%    0.00015375     2.6106    0.013
      1000
      1000
      1100

  652 0000    0.18169%       1.2071%    0.00026485    -38.717        1
      0010
      1000
      1100

18504 0100    0.17307%     0.095872%    0.00011944     6.4629        0
      1000
      0100
      1000

10312 0010    0.17033%      0.39253%    0.00030495    -7.2863        1
      1000
      0100
      1000

  396 0000    0.16654%      0.22481%    0.00022876    -2.5473        1
      0001
      1000
      1100

 2126 0000    0.16497%      0.69156%    0.00023408    -22.496        1
      1000
      0100
      1110

  602 0000    0.12525%      0.11454%   7.9086e-005     1.3544    0.091
      0010
      0101
      1010

 4380 0001    0.12225%      0.13661%   9.7398e-005    -1.4739    0.924
      0001
      0001
      1100

  390 0000    0.11368%     0.088054%   8.5083e-005     3.0115    0.006
      0001
      1000
      0110

  334 0000    0.10705%     0.099902%    0.00013084    0.54618    0.279
      0001
      0100
      1110

  716 0000    0.10484%      0.13727%    0.00014366    -2.2578    0.998
      0010
      1100
      1100

16838 0100    0.10421%     0.041044%   4.2916e-005     14.718        0
      0001
      1100
      0110

 2202 0000     0.1001%     0.086283%    0.00020276    0.68167     0.29
      1000
      1001
      1010

  284 0000    0.09879%      0.13998%    0.00013585     -3.032    0.998
      0001
      0001
      1100

 4438 0001   0.094739%     0.042085%   6.7815e-005     7.7645        0
      0001
      0101
      0110

18572 0100    0.09132%      0.18581%    0.00014887    -6.3471        1
      1000
      1000
      1100

16780 0100   0.066175%     0.034041%   5.5217e-005     5.8197        0
      0001
      1000
      1100

  710 0000   0.060284%     0.056031%   6.6464e-005    0.63988    0.259
      0010
      1100
      0110

  604 0000   0.057601%     0.057859%   6.9673e-005   -0.03707    0.503
      0010
      0101
      1100

 2458 0000    0.05597%     0.055814%    0.00011862   0.013182    0.595
      1001
      1001
      1010

  398 0000   0.055339%     0.054968%   8.1603e-005   0.045493    0.476
      0001
      1000
      1110

 6286 0001   0.051236%     0.046709%    0.00011069    0.40896    0.307
      1000
      1000
      1110

  858 0000   0.051078%     0.016858%   3.4219e-005         10        0
      0011
      0101
      1010

  666 0000   0.049553%     0.045081%   8.7822e-005    0.50914    0.301
      0010
      1001
      1010

  590 0000   0.047449%     0.090312%    0.00011844     -3.619    0.999
      0010
      0100
      1110

 8732 0010   0.046975%     0.035961%   5.2662e-005     2.0915    0.027
      0010
      0001
      1100

  972 0000   0.046449%     0.019248%   3.1747e-005      8.568        0
      0011
      1100
      1100

 4442 0001   0.042451%     0.044689%   5.0485e-005   -0.44321    0.667
      0001
      0101
      1010

16668 0100   0.039085%      0.01927%   3.8053e-005      5.207        0
      0001
      0001
      1100

 4748 0001   0.036034%     0.017649%   2.6952e-005     6.8211        0
      0010
      1000
      1100

17100 0100   0.034666%     0.074361%   6.8506e-005    -5.7944        1
      0010
      1100
      1100

  158 0000   0.031404%     0.075024%    0.00017322    -2.5182        1
      0000
      1001
      1110

  462 0000   0.030826%     0.036257%   4.9718e-005    -1.0925    0.864
      0001
      1100
      1110

 2206 0000   0.030352%     0.033859%   5.7366e-005   -0.61133    0.726
      1000
      1001
      1110

16924 0100    0.02909%     0.072384%   7.0894e-005    -6.1069        1
      0010
      0001
      1100

  718 0000   0.028616%     0.039516%   5.1681e-005    -2.1091    0.988
      0010
      1100
      1110

  974 0000   0.024092%    0.0085841%   2.4025e-005     6.4551        0
      0011
      1100
      1110

17036 0100   0.023566%      0.12309%    0.00010532    -9.4497        1
      0010
      1000
      1100

  714 0000   0.022935%     0.056671%   7.2101e-005     -4.679        1
      0010
      1100
      1010

  606 0000   0.020936%     0.027248%   5.9319e-005    -1.0641    0.838
      0010
      0101
      1110

17356 0100   0.020042%    0.0074211%   1.5221e-005      8.292        0
      0011
      1100
      1100

17244 0100   0.019621%    0.0067419%    1.908e-005     6.7502        0
      0011
      0101
      1100

 4510 0001   0.018885%     0.016715%   1.4518e-005     1.4947    0.064
      0001
      1001
      1110

 4636 0001   0.018306%    0.0079651%   1.8931e-005     5.4626        0
      0010
      0001
      1100

17094 0100   0.017149%     0.030352%   5.8434e-005    -2.2596        1
      0010
      1100
      0110

 8906 0010   0.016307%     0.046363%   4.8038e-005    -6.2567        1
      0010
      1100
      1010

18460 0100   0.016307%     0.018192%   2.9434e-005   -0.64022    0.723
      1000
      0001
      1100

 4492 0001   0.015939%     0.056818%   6.5521e-005    -6.2391        1
      0001
      1000
      1100

 8844 0010    0.01415%     0.032319%   4.4745e-005    -4.0605        1
      0010
      1000
      1100

 6350 0001   0.013887%     0.022826%   4.6576e-005    -1.9192    0.977
      1000
      1100
      1110

 2758 0000   0.013677%    0.0039505%   1.2935e-005     7.5195        0
      1010
      1100
      0110

  662 0000   0.013204%     0.017788%   4.0645e-005     -1.128    0.881
      0010
      1001
      0110

  540 0000   0.012888%      0.56171%    0.00040088     -13.69        1
      0010
      0001
      1100

 2766 0000   0.012888%    0.0083136%   2.3152e-005     1.9758    0.012
      1010
      1100
      1110

 2510 0000    0.01252%     0.013143%   2.6599e-005   -0.23447     0.64
      1001
      1100
      1110

16842 0100   0.012046%     0.024632%   3.9708e-005    -3.1696        1
      0001
      1100
      1010

 4382 0001   0.011888%     0.020288%   2.7128e-005    -3.0962        1
      0001
      0001
      1110

18636 0100   0.010731%      0.01743%   2.9916e-005    -2.2391    0.991
      1000
      1100
      1100

 8862 0010  0.0099947%     0.010954%   2.5927e-005   -0.37001    0.615
      0010
      1001
      1110

17358 0100  0.0092582%     0.003192%    1.209e-005     5.0176        0
      0011
      1100
      1110

17050 0100  0.0092582%    0.0017482%   7.7289e-006     9.7168        0
      0010
      1001
      1010

 6222 0001  0.0092582%    0.0085583%   1.7138e-005    0.40843    0.314
      1000
      0100
      1110

 8588 0010  0.0090478%    0.0022412%   5.4277e-006     12.541        0
      0001
      1000
      1100

  150 0000   0.008627%     0.057895%   9.6044e-005    -5.1297        1
      0000
      1001
      0110

18634 0100  0.0085218%     0.028335%   3.2846e-005    -6.0322        1
      1000
      1100
      1010

 2462 0000   0.008364%    0.0055891%   2.4638e-005     1.1263    0.061
      1001
      1001
      1110

18574 0100   0.008364%     0.050693%   5.3576e-005    -7.9008        1
      1000
      1000
      1110

16982 0100  0.0067333%       0.0333%   3.4424e-005    -7.7177        1
      0010
      0101
      0110

19148 0100  0.0066807%     0.019104%   2.3702e-005    -5.2416        1
      1010
      1100
      1100

 8908 0010   0.006365%    0.0048772%   1.2895e-005     1.1539     0.14
      0010
      1100
      1100

  222 0000  0.0060494%    0.0098582%   5.6576e-005   -0.67322    0.727
      0000
      1101
      1110

 2198 0000  0.0056812%     0.018788%   3.6839e-005    -3.5579        1
      1000
      1001
      0110

 4574 0001  0.0056812%    0.0017104%    6.411e-006     6.1937        0
      0001
      1101
      1110

17046 0100   0.005576%    0.0017908%   8.3841e-006     4.5147    0.003
      0010
      1001
      0110

 2782 0000  0.0052604%     0.002238%    1.058e-005     2.8566        0
      1010
      1101
      1110

 2716 0000  0.0049447%     0.067626%   6.3315e-005    -9.8999        1
      1010
      1001
      1100

 2134 0000  0.0049447%    0.0074819%   2.1877e-005    -1.1598    0.894
      1000
      0101
      0110

 2270 0000  0.0048921%    0.0056336%   2.4493e-005   -0.30271    0.559
      1000
      1101
      1110

 8910 0010  0.0046817%    0.0064769%   1.5064e-005    -1.1917    0.886
      0010
      1100
      1110

  668 0000  0.0043661%      0.25124%    0.00019329    -12.772        1
      0010
      1001
      1100

  670 0000  0.0039979%     0.013028%   3.2975e-005    -2.7385        1
      0010
      1001
      1110

 6494 0001  0.0039453%    0.0023433%   7.3426e-006     2.1817     0.02
      1001
      0101
      1110

18638 0100  0.0039453%    0.0094893%   1.9322e-005    -2.8693        1
      1000
      1100
      1110

 6558 0001  0.0038927%    0.0048887%   9.6158e-006    -1.0358    0.842
      1001
      1001
      1110

16920 0100  0.0037349%     0.048623%   4.4883e-005    -10.001        1
      0010
      0001
      1000

17102 0100  0.0036823%     0.014359%    2.262e-005    -4.7201        1
      0010
      1100
      1110

19150 0100  0.0036297%    0.0048639%   1.0128e-005    -1.2186    0.882
      1010
      1100
      1110

19146 0100  0.0034192%    0.0046032%   1.0153e-005    -1.1661    0.881
      1010
      1100
      1010

17098 0100  0.0032614%    0.0055182%    1.426e-005    -1.5826    0.968
      0010
      1100
      1010

19142 0100  0.0031036%     0.006475%   1.4593e-005    -2.3103    0.997
      1010
      1100
      0110

10974 0010   0.003051%    0.0016194%   5.7362e-006     2.4957    0.019
      1010
      1101
      1110

  414 0000  0.0029458%    0.0046569%   1.3174e-005    -1.2989    0.911
      0001
      1001
      1110

 2142 0000  0.0028406%    0.0089686%   2.7822e-005    -2.2026    0.997
      1000
      0101
      1110

  286 0000  0.0026828%    0.0057652%   2.0069e-005    -1.5359    0.982
      0001
      0001
      1110

 4694 0001  0.0025776%    0.0078938%   2.0083e-005    -2.6472        1
      0010
      0101
      0110

  924 0000  0.0019463%    0.0069018%   1.8432e-005    -2.6884    0.999
      0011
      1001
      1100

  350 0000  0.0018937%    0.0018835%    7.425e-006   0.013716    0.453
      0001
      0101
      1110

 2398 0000  0.0013151%   0.00068918%   3.2246e-006      1.941    0.054
      1001
      0101
      1110

19098 0100  0.0012625%   0.00047562%   2.1281e-006     3.6975    0.003
      1010
      1001
      1010

  734 0000  0.0012099%    0.0012345%   4.8957e-006  -0.050243    0.474
      0010
      1101
      1110

 4810 0001  0.0010521%   0.00032133%   1.8082e-006     4.0413    0.002
      0010
      1100
      1010

18518 0100 0.00068385%    0.0013181%   4.8775e-006    -1.3003     0.93
      1000
      0101
      0110

18582 0100 0.00057864%   0.00024335%   1.6659e-006     2.0126    0.042
      1000
      1001
      0110

17038 0100 0.00052604%     0.021672%   2.7718e-005     -7.629        1
      0010
      1000
      1110

 6862 0001 0.00052604%   5.773e-005%   6.3594e-007      7.364    0.001
      1010
      1100
      1110

 4814 0001 0.00031562%    0.0001133%   9.5176e-007     2.1258    0.051
      0010
      1100
      1110

18894 0100 0.00026302%    0.0038186%   8.4302e-006    -4.2176        1
      1001
      1100
      1110

 8650 0010 0.00021041%    0.0031259%   6.7881e-006     -4.295        1
      0001
      1100
      1010

19036 0100 0.00015781%    0.0068974%   1.2456e-005    -5.4108        1
      1010
      0101
      1100

17054 0100 0.00015781%   0.00088248%   4.7932e-006    -1.5119    0.993
      0010
      1001
      1110

17306 0100 5.2604e-005%   0.00017214%   1.3969e-006   -0.85567    0.877
      0011
      1001
      1010

18590 0100 5.2604e-005%   0.00069703%   2.7503e-006    -2.3431        1
      1000
      1001
      1110

19100 0100 5.2604e-005%    0.0043691%   8.7273e-006     -4.946        1
      1010
      1001
      1100

19102 0100 5.2604e-005%   0.00010048%   8.1116e-007   -0.59021    0.802
      1010
      1001
      1110

