FANMOD 1.1 subgraph enumeration
-------------------------------

Network name: C:\Users\LuisFernando\Desktop\Redes\foodweb-baydry.txt
Network type: Directed
Number of nodes: 129
Number of edges: 2106
Number of single edges: 2075
Number of mutual edges: 31

Algorithm: enumeration
Subgraph size: 4

Generated 1000 random networks
   with locally constant number of bidirectional edges,
   3 exchanges per edge and 3 tries per edge.

1952128 subgraphs were enumerated in the original network.
1937076857 subgraphs were enumerated in the random networks.
1939028985 subgraphs were enumerated in all networks.

For the random networks: 13656477 tries were made, 4102699 were successful.
Randomization took 7.148 seconds.
Enumeration took 1673.16 seconds.


Result overview:

   ID  Adj   Frequency     Mean-Freq  Standard-Dev    Z-Score  p-Value
            [Original]      [Random]      [Random]

  140 0000     13.852%       18.965%     0.0012395    -41.249        1
      0000
      1000
      1100

  392 0000     10.057%       7.2005%     0.0011715     24.379        0
      0001
      1000
      1000

 2184 0000     9.9078%       9.7054%     0.0011969     1.6911    0.046
      1000
      1000
      1000

 2188 0000     8.2847%       9.2154%     0.0009245    -10.067        1
      1000
      1000
      1100

   14 0000      6.853%       5.6997%    0.00081929     14.077        0
      0000
      0000
      1110

   74 0000     6.8095%       7.2425%     0.0012672    -3.4173    0.999
      0000
      0100
      1010

   28 0000     5.9597%       4.1748%    0.00075605     23.608        0
      0000
      0001
      1100

  142 0000     4.1746%       5.7771%    0.00062869    -25.489        1
      0000
      1000
      1110

  204 0000     3.9094%       2.0507%    0.00060704      30.62        0
      0000
      1100
      1100

 2116 0000     3.4748%       2.8228%    0.00053316     12.229        0
      1000
      0100
      0100

  536 0000     2.9127%       2.8648%    0.00055123    0.86812    0.194
      0010
      0001
      1000

 2182 0000     2.8226%      0.61576%    0.00026096     84.565        0
      1000
      1000
      0110

  202 0000     2.4514%       3.5801%    0.00057077    -19.774        1
      0000
      1100
      1010

 2124 0000     2.2195%       2.4827%    0.00043945    -5.9879        1
      1000
      0100
      1100

 2190 0000     2.0726%       1.2996%    0.00039569     19.534        0
      1000
      1000
      1110

 2076 0000     2.0433%       1.4382%     0.0003211     18.843        0
      1000
      0001
      1100

 2252 0000     1.7907%       1.3439%    0.00038677     11.551        0
      1000
      1100
      1100

  206 0000      1.549%        1.282%    0.00037365      7.146        0
      0000
      1100
      1110

 2118 0000    0.93488%      0.97308%     0.0002635    -1.4497    0.915
      1000
      0100
      0110

18568 0100    0.81081%      0.63845%    0.00032162     5.3589        0
      1000
      1000
      1000

 2204 0000    0.78699%        1.371%    0.00027898    -20.934        1
      1000
      1001
      1100

 2140 0000     0.7334%      0.44577%    0.00019036     15.111        0
      1000
      0101
      1100

 2254 0000    0.67306%      0.71558%    0.00032145    -1.3228    0.908
      1000
      1100
      1110

10372 0010    0.31156%      0.13144%    0.00014418     12.492        0
      1000
      1000
      0100

 6284 0001    0.28548%      0.28507%    0.00021107   0.019386    0.509
      1000
      1000
      1100

  332 0000    0.27652%      0.33786%     0.0002639    -2.3242    0.998
      0001
      0100
      1100

   30 0000    0.25091%      0.18009%    0.00022405     3.1607        0
      0000
      0001
      1110

  588 0000    0.23318%      0.39383%    0.00022371    -7.1811        1
      0010
      0100
      1100

10380 0010    0.23123%       0.1901%    0.00014556     2.8262    0.007
      1000
      1000
      1100

  652 0000    0.18042%       1.2344%    0.00026858    -39.245        1
      0010
      1000
      1100

  396 0000     0.1692%      0.23061%    0.00023564    -2.6061        1
      0001
      1000
      1100

18504 0100    0.16597%     0.094784%    0.00011832     6.0164        0
      1000
      0100
      1000

10312 0010    0.16433%      0.39862%    0.00030864    -7.5911        1
      1000
      0100
      1000

 2126 0000    0.16085%      0.70765%    0.00022167    -24.667        1
      1000
      0100
      1110

  602 0000    0.12484%       0.1119%   7.7172e-005     1.6769    0.045
      0010
      0101
      1010

 4380 0001    0.11751%      0.12744%   9.2749e-005    -1.0707    0.851
      0001
      0001
      1100

  390 0000    0.11633%     0.087969%   8.1649e-005     3.4741        0
      0001
      1000
      0110

  716 0000    0.10547%      0.13544%    0.00014116     -2.123    0.984
      0010
      1100
      1100

16838 0100    0.10455%      0.03981%   4.1303e-005     15.675        0
      0001
      1100
      0110

 2202 0000   0.097996%     0.085745%     0.0002053    0.59672     0.36
      1000
      1001
      1010

  284 0000   0.096151%      0.13611%     0.0001297    -3.0807        1
      0001
      0001
      1100

  334 0000   0.092719%     0.095934%    0.00012383   -0.25958    0.574
      0001
      0100
      1110

 4438 0001   0.090824%     0.040803%   6.4455e-005     7.7607        0
      0001
      0101
      0110

18572 0100   0.089492%      0.18072%    0.00015207    -5.9995        1
      1000
      1000
      1100

16780 0100   0.065467%     0.033209%   5.5434e-005     5.8192        0
      0001
      1000
      1100

  710 0000   0.062547%     0.054537%   6.3073e-005       1.27    0.101
      0010
      1100
      0110

  398 0000   0.056861%      0.05646%   8.7438e-005   0.045823    0.467
      0001
      1000
      1110

  604 0000   0.056093%     0.055426%   6.9113e-005    0.09642    0.436
      0010
      0101
      1100

 2458 0000   0.053122%     0.055359%    0.00011513   -0.19432    0.626
      1001
      1001
      1010

  590 0000   0.051534%     0.088528%    0.00011779    -3.1406        1
      0010
      0100
      1110

  858 0000   0.051482%     0.016713%   3.2342e-005     10.751        0
      0011
      0101
      1010

 6286 0001   0.049843%     0.044894%    0.00010059    0.49197      0.3
      1000
      1000
      1110

  972 0000   0.047435%      0.01941%   3.2368e-005     8.6584        0
      0011
      1100
      1100

  666 0000   0.046667%     0.044281%   8.4095e-005    0.28377     0.37
      0010
      1001
      1010

 8732 0010   0.045591%     0.036506%   5.4829e-005      1.657    0.059
      0010
      0001
      1100

 4442 0001   0.039393%     0.042479%   4.9267e-005   -0.62639    0.726
      0001
      0101
      1010

16668 0100   0.038983%     0.018779%   3.8184e-005     5.2911        0
      0001
      0001
      1100

 4748 0001   0.035705%     0.017269%   2.5615e-005      7.197        0
      0010
      1000
      1100

17100 0100   0.031863%      0.07288%    6.761e-005    -6.0668        1
      0010
      1100
      1100

  158 0000   0.031197%     0.075141%    0.00017028    -2.5807        1
      0000
      1001
      1110

 2206 0000   0.030582%     0.034337%   5.9745e-005   -0.62859    0.742
      1000
      1001
      1110

  462 0000   0.030326%     0.035878%    5.219e-005    -1.0639    0.854
      0001
      1100
      1110

16924 0100   0.029199%     0.073729%   6.8189e-005    -6.5304        1
      0010
      0001
      1100

  718 0000   0.028584%      0.03951%   5.2391e-005    -2.0854    0.986
      0010
      1100
      1110

  974 0000   0.024537%    0.0089158%   2.3767e-005     6.5727        0
      0011
      1100
      1110

17036 0100    0.02382%      0.12601%    0.00010463    -9.7666        1
      0010
      1000
      1100

  714 0000   0.021771%     0.057603%   7.0799e-005    -5.0611        1
      0010
      1100
      1010

  606 0000   0.020542%     0.027445%   5.5071e-005    -1.2535    0.886
      0010
      0101
      1110

17244 0100   0.018441%    0.0064757%   1.7481e-005      6.845        0
      0011
      0101
      1100

 4510 0001    0.01839%     0.016644%   1.3389e-005     1.3042    0.082
      0001
      1001
      1110

17356 0100   0.018134%     0.007067%   1.4216e-005     7.7849        0
      0011
      1100
      1100

 4636 0001   0.017827%    0.0079145%   1.8864e-005     5.2546        0
      0010
      0001
      1100

18460 0100   0.017571%     0.018276%   3.0067e-005   -0.23468    0.568
      1000
      0001
      1100

 6350 0001   0.016444%     0.022344%   4.3748e-005    -1.3488    0.915
      1000
      1100
      1110

17094 0100   0.016034%     0.029326%   5.4415e-005    -2.4428    0.998
      0010
      1100
      0110

 8906 0010    0.01588%     0.044842%     4.55e-005    -6.3652        1
      0010
      1100
      1010

 4492 0001   0.015522%      0.05804%   6.5411e-005    -6.5003        1
      0001
      1000
      1100

 2758 0000   0.014343%    0.0039156%   1.2509e-005     8.3365        0
      1010
      1100
      0110

  662 0000   0.013882%     0.016916%   3.8399e-005   -0.79008     0.78
      0010
      1001
      0110

 8844 0010   0.013472%      0.03221%   4.6043e-005    -4.0696        1
      0010
      1000
      1100

 2766 0000   0.013421%    0.0083068%   2.2271e-005     2.2964    0.006
      1010
      1100
      1110

  540 0000   0.012602%      0.55968%    0.00039008    -14.025        1
      0010
      0001
      1100

 2510 0000   0.012089%      0.01317%   2.6415e-005   -0.40911    0.693
      1001
      1100
      1110

16842 0100   0.011884%       0.0249%    3.816e-005    -3.4107        1
      0001
      1100
      1010

 4382 0001   0.011577%     0.019205%   2.5034e-005    -3.0471        1
      0001
      0001
      1110

18636 0100   0.011321%     0.016836%   2.9174e-005    -1.8904    0.972
      1000
      1100
      1100

 8862 0010  0.0093232%     0.010616%   2.4303e-005    -0.5321    0.689
      0010
      1001
      1110

 6222 0001  0.0090158%     0.008508%   1.7189e-005    0.29543     0.36
      1000
      0100
      1110

17050 0100  0.0090158%    0.0017296%   7.9223e-006      9.197        0
      0010
      1001
      1010

 8588 0010  0.0087597%    0.0022502%   5.2184e-006     12.474        0
      0001
      1000
      1100

18574 0100  0.0086572%     0.049743%   5.5302e-005    -7.4292        1
      1000
      1000
      1110

17358 0100  0.0085548%    0.0030998%   1.1243e-005     4.8518        0
      0011
      1100
      1110

 2462 0000   0.008145%    0.0054438%   2.3811e-005     1.1344    0.059
      1001
      1001
      1110

  150 0000  0.0080425%     0.056752%   9.2285e-005    -5.2781        1
      0000
      1001
      0110

18634 0100  0.0071204%     0.027842%   3.1665e-005     -6.544        1
      1000
      1100
      1010

16982 0100  0.0065569%     0.033372%    3.473e-005    -7.7211        1
      0010
      0101
      0110

19148 0100  0.0065057%     0.018182%   2.2616e-005     -5.163        1
      1010
      1100
      1100

18638 0100  0.0061984%    0.0093337%   1.9156e-005    -1.6367    0.962
      1000
      1100
      1110

 8908 0010  0.0061984%    0.0051765%   1.3837e-005    0.73847     0.21
      0010
      1100
      1100

 2198 0000  0.0056861%     0.019258%   3.4742e-005    -3.9065        1
      1000
      1001
      0110

  222 0000  0.0055837%     0.010222%   5.9868e-005   -0.77484    0.782
      0000
      1101
      1110

 4574 0001  0.0055324%    0.0017693%   6.3869e-006      5.892        0
      0001
      1101
      1110

17046 0100    0.00543%    0.0017412%   7.9944e-006     4.6141    0.002
      0010
      1001
      0110

 2782 0000  0.0051226%    0.0022331%   1.0516e-005     2.7476        0
      1010
      1101
      1110

 2134 0000  0.0048153%    0.0071997%   2.0478e-005    -1.1644    0.888
      1000
      0101
      0110

 2716 0000  0.0048153%     0.069388%   6.1031e-005     -10.58        1
      1010
      1001
      1100

 2270 0000  0.0046104%    0.0058233%   2.6562e-005   -0.45665    0.619
      1000
      1101
      1110

 8910 0010  0.0045591%    0.0065001%   1.5099e-005    -1.2855    0.911
      0010
      1100
      1110

  668 0000  0.0042518%       0.2534%    0.00018072    -13.787        1
      0010
      1001
      1100

 6494 0001   0.003842%     0.002309%   6.8229e-006     2.2468    0.018
      1001
      0101
      1110

 6558 0001  0.0037907%    0.0047714%   9.3599e-006    -1.0478    0.851
      1001
      1001
      1110

16920 0100  0.0037395%     0.050008%   4.5306e-005    -10.212        1
      0010
      0001
      1000

19150 0100  0.0035346%    0.0048911%   1.0225e-005    -1.3267     0.91
      1010
      1100
      1110

  670 0000  0.0033809%     0.012916%   3.2261e-005    -2.9556        1
      0010
      1001
      1110

19146 0100  0.0033297%    0.0048779%   1.0206e-005    -1.5169    0.936
      1010
      1100
      1010

17102 0100  0.0032272%     0.014057%   2.3395e-005    -4.6291        1
      0010
      1100
      1110

17098 0100   0.003176%      0.00542%   1.4243e-005    -1.5755    0.962
      0010
      1100
      1010

19142 0100  0.0030223%    0.0063239%   1.3597e-005    -2.4281    0.995
      1010
      1100
      0110

10974 0010  0.0029711%    0.0016588%   5.4637e-006     2.4019    0.017
      1010
      1101
      1110

  414 0000  0.0028687%    0.0046302%   1.2381e-005    -1.4228    0.929
      0001
      1001
      1110

 2142 0000  0.0028687%    0.0090005%   2.7771e-005     -2.208    0.997
      1000
      0101
      1110

  286 0000  0.0026125%    0.0054127%   1.9244e-005    -1.4551    0.965
      0001
      0001
      1110

 4694 0001  0.0025101%     0.008161%   1.9796e-005    -2.8546        1
      0010
      0101
      0110

  924 0000  0.0018954%     0.006799%   1.7609e-005    -2.7847        1
      0011
      1001
      1100

  350 0000  0.0018441%    0.0018115%   7.6239e-006   0.042824    0.425
      0001
      0101
      1110

 2398 0000  0.0012807%   0.00069029%   3.0686e-006     1.9239    0.053
      1001
      0101
      1110

  734 0000  0.0011782%     0.001262%   4.9172e-006   -0.17039     0.53
      0010
      1101
      1110

19098 0100  0.0010757%   0.00044012%   2.0398e-006     3.1161    0.005
      1010
      1001
      1010

 4810 0001  0.0010245%   0.00029819%   1.6236e-006     4.4735    0.001
      0010
      1100
      1010

 6862 0001 0.00076839%   5.489e-005%   5.6351e-007     12.662        0
      1010
      1100
      1110

18582 0100 0.00056349%   0.00025491%   1.7698e-006     1.7436    0.068
      1000
      1001
      0110

18518 0100 0.00056349%    0.0012239%   4.3537e-006    -1.5169    0.954
      1000
      0101
      0110

17038 0100 0.00051226%     0.022376%   2.6677e-005    -8.1958        1
      0010
      1000
      1110

 4814 0001 0.00030736%   0.00011014%   9.7304e-007     2.0268    0.049
      0010
      1100
      1110

18894 0100 0.00025613%    0.0037191%   8.1143e-006    -4.2678        1
      1001
      1100
      1110

 8650 0010  0.0002049%     0.003088%   6.6978e-006    -4.3046        1
      0001
      1100
      1010

19036 0100 0.00015368%    0.0066757%   1.2362e-005    -5.2757        1
      1010
      0101
      1100

17054 0100 0.00015368%   0.00087332%   4.6862e-006    -1.5357    0.997
      0010
      1001
      1110

17306 0100 5.1226e-005%   0.00016811%   1.3537e-006   -0.86343    0.884
      0011
      1001
      1010

18590 0100 5.1226e-005%   0.00067412%   2.7818e-006    -2.2392        1
      1000
      1001
      1110

19100 0100 5.1226e-005%    0.0042282%   8.5685e-006    -4.8748        1
      1010
      1001
      1100

 4686 0001 5.1226e-005%   0.00053504%   2.6885e-006    -1.7996    0.995
      0010
      0100
      1110

19102 0100 5.1226e-005%  9.3044e-005%    7.996e-007   -0.52298    0.771
      1010
      1001
      1110

