FANMOD 1.1 subgraph enumeration
-------------------------------

Network name: C:\Users\LuisFernando\Desktop\Redes\yeastinter_st.txt
Network type: Directed
Number of nodes: 689
Number of edges: 1078
Number of single edges: 1077
Number of mutual edges: 1

Algorithm: enumeration
Subgraph size: 4

Generated 1000 random networks
   with locally constant number of bidirectional edges,
   3 exchanges per edge and 3 tries per edge.

183174 subgraphs were enumerated in the original network.
200860881 subgraphs were enumerated in the random networks.
201044055 subgraphs were enumerated in all networks.

For the random networks: 3588735 tries were made, 3227176 were successful.
Randomization took 2.23 seconds.
Enumeration took 208.814 seconds.


Result overview:

   ID  Adj   Frequency     Mean-Freq  Standard-Dev    Z-Score  p-Value
            [Original]      [Random]      [Random]

   14 0000     81.213%        74.48%     0.0053673     12.544        0
      0000
      0000
      1110

  140 0000     12.554%       19.282%     0.0044789    -15.023        1
      0000
      1000
      1100

   74 0000     2.4556%       3.7068%     0.0051604    -2.4247    0.996
      0000
      0100
      1010

  204 0000     1.0061%      0.16561%     0.0001997     42.091        0
      0000
      1100
      1100

   28 0000    0.79706%      0.88578%    0.00025718    -3.4497        1
      0000
      0001
      1100

  142 0000    0.61417%      0.24385%     0.0009188     4.0305        0
      0000
      1000
      1110

 2184 0000    0.53992%      0.52632%   9.9204e-005     1.3712    0.079
      1000
      1000
      1000

  392 0000    0.21837%      0.28933%    0.00026099    -2.7187        1
      0001
      1000
      1000

  202 0000    0.15614%     0.065842%    0.00022423     4.0269        0
      0000
      1100
      1010

  206 0000   0.085711%    0.0021403%   1.8265e-005     45.755        0
      0000
      1100
      1110

 2116 0000   0.068241%      0.10127%   4.7608e-005    -6.9371        1
      1000
      0100
      0100

   30 0000   0.066057%     0.060441%   2.4678e-005      2.276        0
      0000
      0001
      1110

 2188 0000   0.055685%     0.021725%   8.4971e-005     3.9966        0
      1000
      1000
      1100

  536 0000   0.050225%     0.051425%    0.00021332  -0.056222    0.463
      0010
      0001
      1000

 2118 0000   0.030026%    0.0012991%    2.447e-005      11.74        0
      1000
      0100
      0110

  150 0000    0.01747%     0.023117%   2.5335e-005    -2.2289    0.918
      0000
      1001
      0110

  718 0000  0.0092808%  3.2275e-005%   1.8082e-006     51.147        0
      0010
      1100
      1110

 2126 0000  0.0092808%  8.4162e-005%   2.6579e-006     34.601        0
      1000
      0100
      1110

 2124 0000  0.0092808%    0.0075517%   3.6845e-005     0.4693    0.306
      1000
      0100
      1100

  662 0000  0.0087349%  1.6834e-005%   2.7467e-006      31.74        0
      0010
      1001
      0110

  396 0000  0.0087349%     0.015512%   4.3166e-005    -1.5701    0.959
      0001
      1000
      1100

 2076 0000  0.0060052%    0.0008996%   9.3981e-006     5.4326        0
      1000
      0001
      1100

  652 0000  0.0054593%    0.0019872%   1.3967e-005     2.4859    0.025
      0010
      1000
      1100

  590 0000  0.0049134%   0.00088241%   4.2596e-005    0.94631    0.048
      0010
      0100
      1110

 2252 0000  0.0032756%   0.00026717%   4.2617e-006     7.0592    0.002
      1000
      1100
      1100

 2182 0000  0.0021837%   0.00091745%   7.6443e-006     1.6565    0.068
      1000
      1000
      0110

 2190 0000  0.0016378%   0.00013274%    2.828e-006      5.322    0.003
      1000
      1000
      1110

  710 0000 0.00054593%   0.00047609%    1.998e-005   0.034956    0.054
      0010
      1100
      0110

  462 0000 0.00054593%  1.4908e-006%    2.719e-007     20.023        0
      0001
      1100
      1110

17102 0100 0.00054593%            0%             0  undefined        0
      0010
      1100
      1110

 2254 0000 0.00054593%  1.9911e-006%   3.1435e-007     17.304        0
      1000
      1100
      1110

  334 0000 0.00054593%  4.4191e-005%    5.575e-006    0.89997    0.007
      0001
      0100
      1110

  604 0000 0.00054593%  3.9184e-005%   5.4143e-006    0.93595    0.006
      0010
      0101
      1100

 2204 0000 0.00054593%  6.4637e-005%   2.0819e-006     2.3118    0.016
      1000
      1001
      1100

